<?xml version="1.0" encoding="UTF-8"?>
<testsuite name="com.tiagotibaes.ponto.services.impl.EmpresaServiceImplTest" tests="2" skipped="0" failures="0" errors="0" timestamp="2024-03-25T15:06:58" hostname="DESKTOP-1DA81OH" time="0.086">
  <properties/>
  <testcase name="testBuscarEmpresaPorCnpj()" classname="com.tiagotibaes.ponto.services.impl.EmpresaServiceImplTest" time="0.071"/>
  <testcase name="testCriarEmpresa()" classname="com.tiagotibaes.ponto.services.impl.EmpresaServiceImplTest" time="0.01"/>
  <system-out><![CDATA[2024-03-25 12:06:55.215  INFO 2680 --- [    Test worker] .b.t.c.SpringBootTestContextBootstrapper : Neither @ContextConfiguration nor @ContextHierarchy found for test class [com.tiagotibaes.ponto.services.impl.EmpresaServiceImplTest], using SpringBootContextLoader
2024-03-25 12:06:55.218  INFO 2680 --- [    Test worker] o.s.t.c.support.AbstractContextLoader    : Could not detect default resource locations for test class [com.tiagotibaes.ponto.services.impl.EmpresaServiceImplTest]: no resource found for suffixes {-context.xml, Context.groovy}.
2024-03-25 12:06:55.220  INFO 2680 --- [    Test worker] t.c.s.AnnotationConfigContextLoaderUtils : Could not detect default configuration classes for test class [com.tiagotibaes.ponto.services.impl.EmpresaServiceImplTest]: EmpresaServiceImplTest does not declare any static, non-private, non-final, nested classes annotated with @Configuration.
2024-03-25 12:06:55.267  INFO 2680 --- [    Test worker] .b.t.c.SpringBootTestContextBootstrapper : Found @SpringBootConfiguration com.tiagotibaes.ponto.PontoApplication for test class com.tiagotibaes.ponto.services.impl.EmpresaServiceImplTest
2024-03-25 12:06:55.272  INFO 2680 --- [    Test worker] .b.t.c.SpringBootTestContextBootstrapper : Loaded default TestExecutionListener class names from location [META-INF/spring.factories]: [org.springframework.boot.test.autoconfigure.restdocs.RestDocsTestExecutionListener, org.springframework.boot.test.autoconfigure.web.client.MockRestServiceServerResetTestExecutionListener, org.springframework.boot.test.autoconfigure.web.servlet.MockMvcPrintOnlyOnFailureTestExecutionListener, org.springframework.boot.test.autoconfigure.web.servlet.WebDriverTestExecutionListener, org.springframework.boot.test.autoconfigure.webservices.client.MockWebServiceServerTestExecutionListener, org.springframework.boot.test.mock.mockito.MockitoTestExecutionListener, org.springframework.boot.test.mock.mockito.ResetMocksTestExecutionListener, org.springframework.test.context.web.ServletTestExecutionListener, org.springframework.test.context.support.DirtiesContextBeforeModesTestExecutionListener, org.springframework.test.context.event.ApplicationEventsTestExecutionListener, org.springframework.test.context.support.DependencyInjectionTestExecutionListener, org.springframework.test.context.support.DirtiesContextTestExecutionListener, org.springframework.test.context.transaction.TransactionalTestExecutionListener, org.springframework.test.context.jdbc.SqlScriptsTestExecutionListener, org.springframework.test.context.event.EventPublishingTestExecutionListener]
2024-03-25 12:06:55.274  INFO 2680 --- [    Test worker] .b.t.c.SpringBootTestContextBootstrapper : Using TestExecutionListeners: [org.springframework.test.context.web.ServletTestExecutionListener@56554365, org.springframework.test.context.support.DirtiesContextBeforeModesTestExecutionListener@666b1244, org.springframework.test.context.event.ApplicationEventsTestExecutionListener@66130c3b, org.springframework.boot.test.mock.mockito.MockitoTestExecutionListener@789d8fd6, org.springframework.boot.test.autoconfigure.SpringBootDependencyInjectionTestExecutionListener@42fa5cb, org.springframework.test.context.support.DirtiesContextTestExecutionListener@3ae87e38, org.springframework.test.context.transaction.TransactionalTestExecutionListener@44e4cf8a, org.springframework.test.context.jdbc.SqlScriptsTestExecutionListener@50930bff, org.springframework.test.context.event.EventPublishingTestExecutionListener@296bfddb, org.springframework.boot.test.autoconfigure.restdocs.RestDocsTestExecutionListener@508b4f70, org.springframework.boot.test.autoconfigure.web.client.MockRestServiceServerResetTestExecutionListener@32f14274, org.springframework.boot.test.autoconfigure.web.servlet.MockMvcPrintOnlyOnFailureTestExecutionListener@7af56b26, org.springframework.boot.test.autoconfigure.web.servlet.WebDriverTestExecutionListener@c86c486, org.springframework.boot.test.autoconfigure.webservices.client.MockWebServiceServerTestExecutionListener@67ceaa9, org.springframework.boot.test.mock.mockito.ResetMocksTestExecutionListener@3ea6faf0]

  .   ____          _            __ _ _
 /\\ / ___'_ __ _ _(_)_ __  __ _ \ \ \ \
( ( )\___ | '_ | '_| | '_ \/ _` | \ \ \ \
 \\/  ___)| |_)| | | | | || (_| |  ) ) ) )
  '  |____| .__|_| |_|_| |_\__, | / / / /
 =========|_|==============|___/=/_/_/_/
 :: Spring Boot ::                (v2.7.5)

2024-03-25 12:06:55.370  INFO 2680 --- [    Test worker] c.t.p.s.impl.EmpresaServiceImplTest      : Starting EmpresaServiceImplTest using Java 11.0.20 on DESKTOP-1DA81OH with PID 2680 (started by Tibaes in C:\Users\Tibaes\projects-kotlin\API-SPRINGBOOT-KOTLIN\project\GITHUB\ponto)
2024-03-25 12:06:55.370  INFO 2680 --- [    Test worker] c.t.p.s.impl.EmpresaServiceImplTest      : The following 1 profile is active: "test"
2024-03-25 12:06:55.865  INFO 2680 --- [    Test worker] .s.d.r.c.RepositoryConfigurationDelegate : Bootstrapping Spring Data MongoDB repositories in DEFAULT mode.
2024-03-25 12:06:55.908  INFO 2680 --- [    Test worker] .s.d.r.c.RepositoryConfigurationDelegate : Finished Spring Data repository scanning in 42 ms. Found 3 MongoDB repository interfaces.
2024-03-25 12:06:56.571  INFO 2680 --- [    Test worker] org.mongodb.driver.client                : MongoClient with metadata {"driver": {"name": "mongo-java-driver|sync|spring-boot", "version": "4.6.1"}, "os": {"type": "Windows", "name": "Windows 10", "architecture": "amd64", "version": "10.0"}, "platform": "Java/Oracle Corporation/11.0.20+9-LTS-256"} created with settings MongoClientSettings{readPreference=primary, writeConcern=WriteConcern{w=null, wTimeout=null ms, journal=null}, retryWrites=true, retryReads=true, readConcern=ReadConcern{level=null}, credential=null, streamFactoryFactory=null, commandListeners=[], codecRegistry=ProvidersCodecRegistry{codecProviders=[ValueCodecProvider{}, BsonValueCodecProvider{}, DBRefCodecProvider{}, DBObjectCodecProvider{}, DocumentCodecProvider{}, IterableCodecProvider{}, MapCodecProvider{}, GeoJsonCodecProvider{}, GridFSFileCodecProvider{}, Jsr310CodecProvider{}, JsonObjectCodecProvider{}, BsonCodecProvider{}, EnumCodecProvider{}, com.mongodb.Jep395RecordCodecProvider@5d05f453]}, clusterSettings={hosts=[localhost:27017], srvServiceName=mongodb, mode=SINGLE, requiredClusterType=UNKNOWN, requiredReplicaSetName='null', serverSelector='null', clusterListeners='[]', serverSelectionTimeout='30000 ms', localThreshold='30000 ms'}, socketSettings=SocketSettings{connectTimeoutMS=10000, readTimeoutMS=0, receiveBufferSize=0, sendBufferSize=0}, heartbeatSocketSettings=SocketSettings{connectTimeoutMS=10000, readTimeoutMS=10000, receiveBufferSize=0, sendBufferSize=0}, connectionPoolSettings=ConnectionPoolSettings{maxSize=100, minSize=0, maxWaitTimeMS=120000, maxConnectionLifeTimeMS=0, maxConnectionIdleTimeMS=0, maintenanceInitialDelayMS=0, maintenanceFrequencyMS=60000, connectionPoolListeners=[], maxConnecting=2}, serverSettings=ServerSettings{heartbeatFrequencyMS=10000, minHeartbeatFrequencyMS=500, serverListeners='[]', serverMonitorListeners='[]'}, sslSettings=SslSettings{enabled=false, invalidHostNameAllowed=false, context=null}, applicationName='null', compressorList=[], uuidRepresentation=JAVA_LEGACY, serverApi=null, autoEncryptionSettings=null, contextProvider=null}
2024-03-25 12:06:56.609  INFO 2680 --- [localhost:27017] org.mongodb.driver.connection            : Opened connection [connectionId{localValue:4, serverValue:64}] to localhost:27017
2024-03-25 12:06:56.614  INFO 2680 --- [localhost:27017] org.mongodb.driver.connection            : Opened connection [connectionId{localValue:3, serverValue:63}] to localhost:27017
2024-03-25 12:06:56.615  INFO 2680 --- [localhost:27017] org.mongodb.driver.cluster               : Monitor thread successfully connected to server with description ServerDescription{address=localhost:27017, type=STANDALONE, state=CONNECTED, ok=true, minWireVersion=0, maxWireVersion=17, maxDocumentSize=16777216, logicalSessionTimeoutMinutes=30, roundTripTimeNanos=34780700}
2024-03-25 12:06:57.961  WARN 2680 --- [    Test worker] .s.s.UserDetailsServiceAutoConfiguration : 

Using generated security password: 989a15fc-268b-48e2-b988-25fd6a28cc70

This generated password is for development use only. Your security configuration must be updated before running your application in production.

2024-03-25 12:06:58.258  INFO 2680 --- [    Test worker] o.s.s.web.DefaultSecurityFilterChain     : Will secure any request with [org.springframework.security.web.session.DisableEncodeUrlFilter@25fcdcc6, org.springframework.security.web.context.request.async.WebAsyncManagerIntegrationFilter@180fb796, org.springframework.security.web.context.SecurityContextPersistenceFilter@573f2e67, org.springframework.security.web.header.HeaderWriterFilter@63af52a6, org.springframework.security.web.csrf.CsrfFilter@5d035ab6, org.springframework.security.web.authentication.logout.LogoutFilter@736f2fb8, org.springframework.security.web.authentication.UsernamePasswordAuthenticationFilter@3c5bb37d, org.springframework.security.web.authentication.ui.DefaultLoginPageGeneratingFilter@24a807a9, org.springframework.security.web.authentication.ui.DefaultLogoutPageGeneratingFilter@79ae3fb1, org.springframework.security.web.authentication.www.BasicAuthenticationFilter@558575fe, org.springframework.security.web.savedrequest.RequestCacheAwareFilter@5d449307, org.springframework.security.web.servletapi.SecurityContextHolderAwareRequestFilter@44e7c06b, org.springframework.security.web.authentication.AnonymousAuthenticationFilter@7fa8fff, org.springframework.security.web.session.SessionManagementFilter@10ae002e, org.springframework.security.web.access.ExceptionTranslationFilter@3407ded1, org.springframework.security.web.access.intercept.FilterSecurityInterceptor@3fc051ce]
2024-03-25 12:06:58.394  INFO 2680 --- [    Test worker] c.t.p.s.impl.EmpresaServiceImplTest      : Started EmpresaServiceImplTest in 3.116 seconds (JVM running for 15.873)
]]></system-out>
  <system-err><![CDATA[]]></system-err>
</testsuite>
