<?xml version="1.0" encoding="UTF-8"?>
<testsuite name="com.tiagotibaes.ponto.services.impl.LancamentoServiceTest" tests="3" skipped="0" failures="0" errors="0" timestamp="2024-03-26T12:46:57" hostname="DESKTOP-1DA81OH" time="0.061">
  <properties/>
  <testcase name="testBuscarLancamentoPorFuncionarioId()" classname="com.tiagotibaes.ponto.services.impl.LancamentoServiceTest" time="0.02"/>
  <testcase name="testPersistirLancamento()" classname="com.tiagotibaes.ponto.services.impl.LancamentoServiceTest" time="0.02"/>
  <testcase name="testBuscarLancamentoPorId()" classname="com.tiagotibaes.ponto.services.impl.LancamentoServiceTest" time="0.015"/>
  <system-out><![CDATA[2024-03-26 09:46:53.548  INFO 5904 --- [    Test worker] .b.t.c.SpringBootTestContextBootstrapper : Neither @ContextConfiguration nor @ContextHierarchy found for test class [com.tiagotibaes.ponto.services.impl.LancamentoServiceTest], using SpringBootContextLoader
2024-03-26 09:46:53.553  INFO 5904 --- [    Test worker] o.s.t.c.support.AbstractContextLoader    : Could not detect default resource locations for test class [com.tiagotibaes.ponto.services.impl.LancamentoServiceTest]: no resource found for suffixes {-context.xml, Context.groovy}.
2024-03-26 09:46:53.556  INFO 5904 --- [    Test worker] t.c.s.AnnotationConfigContextLoaderUtils : Could not detect default configuration classes for test class [com.tiagotibaes.ponto.services.impl.LancamentoServiceTest]: LancamentoServiceTest does not declare any static, non-private, non-final, nested classes annotated with @Configuration.
2024-03-26 09:46:53.577  INFO 5904 --- [    Test worker] .b.t.c.SpringBootTestContextBootstrapper : Found @SpringBootConfiguration com.tiagotibaes.ponto.PontoApplication for test class com.tiagotibaes.ponto.services.impl.LancamentoServiceTest
2024-03-26 09:46:53.584  INFO 5904 --- [    Test worker] .b.t.c.SpringBootTestContextBootstrapper : Loaded default TestExecutionListener class names from location [META-INF/spring.factories]: [org.springframework.boot.test.autoconfigure.restdocs.RestDocsTestExecutionListener, org.springframework.boot.test.autoconfigure.web.client.MockRestServiceServerResetTestExecutionListener, org.springframework.boot.test.autoconfigure.web.servlet.MockMvcPrintOnlyOnFailureTestExecutionListener, org.springframework.boot.test.autoconfigure.web.servlet.WebDriverTestExecutionListener, org.springframework.boot.test.autoconfigure.webservices.client.MockWebServiceServerTestExecutionListener, org.springframework.boot.test.mock.mockito.MockitoTestExecutionListener, org.springframework.boot.test.mock.mockito.ResetMocksTestExecutionListener, org.springframework.test.context.web.ServletTestExecutionListener, org.springframework.test.context.support.DirtiesContextBeforeModesTestExecutionListener, org.springframework.test.context.event.ApplicationEventsTestExecutionListener, org.springframework.test.context.support.DependencyInjectionTestExecutionListener, org.springframework.test.context.support.DirtiesContextTestExecutionListener, org.springframework.test.context.transaction.TransactionalTestExecutionListener, org.springframework.test.context.jdbc.SqlScriptsTestExecutionListener, org.springframework.test.context.event.EventPublishingTestExecutionListener]
2024-03-26 09:46:53.587  INFO 5904 --- [    Test worker] .b.t.c.SpringBootTestContextBootstrapper : Using TestExecutionListeners: [org.springframework.test.context.web.ServletTestExecutionListener@222eda8a, org.springframework.test.context.support.DirtiesContextBeforeModesTestExecutionListener@3331800f, org.springframework.test.context.event.ApplicationEventsTestExecutionListener@c414eb3, org.springframework.boot.test.mock.mockito.MockitoTestExecutionListener@4edd8a0a, org.springframework.boot.test.autoconfigure.SpringBootDependencyInjectionTestExecutionListener@1a73f3d1, org.springframework.test.context.support.DirtiesContextTestExecutionListener@257d3968, org.springframework.test.context.transaction.TransactionalTestExecutionListener@23cfdfa2, org.springframework.test.context.jdbc.SqlScriptsTestExecutionListener@1e09c0b, org.springframework.test.context.event.EventPublishingTestExecutionListener@4880a9d, org.springframework.boot.test.autoconfigure.restdocs.RestDocsTestExecutionListener@48f2d51d, org.springframework.boot.test.autoconfigure.web.client.MockRestServiceServerResetTestExecutionListener@151d216e, org.springframework.boot.test.autoconfigure.web.servlet.MockMvcPrintOnlyOnFailureTestExecutionListener@1018f702, org.springframework.boot.test.autoconfigure.web.servlet.WebDriverTestExecutionListener@5400db7e, org.springframework.boot.test.autoconfigure.webservices.client.MockWebServiceServerTestExecutionListener@a84b6de, org.springframework.boot.test.mock.mockito.ResetMocksTestExecutionListener@76eee0b1]

  .   ____          _            __ _ _
 /\\ / ___'_ __ _ _(_)_ __  __ _ \ \ \ \
( ( )\___ | '_ | '_| | '_ \/ _` | \ \ \ \
 \\/  ___)| |_)| | | | | || (_| |  ) ) ) )
  '  |____| .__|_| |_|_| |_\__, | / / / /
 =========|_|==============|___/=/_/_/_/
 :: Spring Boot ::                (v2.7.5)

2024-03-26 09:46:53.710  INFO 5904 --- [    Test worker] c.t.p.s.impl.LancamentoServiceTest       : Starting LancamentoServiceTest using Java 11.0.20 on DESKTOP-1DA81OH with PID 5904 (started by Tibaes in C:\Users\Tibaes\projects-kotlin\API-SPRINGBOOT-KOTLIN\project\GITHUB\ponto)
2024-03-26 09:46:53.715  INFO 5904 --- [    Test worker] c.t.p.s.impl.LancamentoServiceTest       : The following 1 profile is active: "test"
2024-03-26 09:46:54.502  INFO 5904 --- [    Test worker] .s.d.r.c.RepositoryConfigurationDelegate : Bootstrapping Spring Data MongoDB repositories in DEFAULT mode.
2024-03-26 09:46:54.609  INFO 5904 --- [    Test worker] .s.d.r.c.RepositoryConfigurationDelegate : Finished Spring Data repository scanning in 97 ms. Found 3 MongoDB repository interfaces.
2024-03-26 09:46:55.209  INFO 5904 --- [    Test worker] org.mongodb.driver.client                : MongoClient with metadata {"driver": {"name": "mongo-java-driver|sync|spring-boot", "version": "4.6.1"}, "os": {"type": "Windows", "name": "Windows 10", "architecture": "amd64", "version": "10.0"}, "platform": "Java/Oracle Corporation/11.0.20+9-LTS-256"} created with settings MongoClientSettings{readPreference=primary, writeConcern=WriteConcern{w=null, wTimeout=null ms, journal=null}, retryWrites=true, retryReads=true, readConcern=ReadConcern{level=null}, credential=null, streamFactoryFactory=null, commandListeners=[], codecRegistry=ProvidersCodecRegistry{codecProviders=[ValueCodecProvider{}, BsonValueCodecProvider{}, DBRefCodecProvider{}, DBObjectCodecProvider{}, DocumentCodecProvider{}, IterableCodecProvider{}, MapCodecProvider{}, GeoJsonCodecProvider{}, GridFSFileCodecProvider{}, Jsr310CodecProvider{}, JsonObjectCodecProvider{}, BsonCodecProvider{}, EnumCodecProvider{}, com.mongodb.Jep395RecordCodecProvider@46fc522d]}, clusterSettings={hosts=[localhost:27017], srvServiceName=mongodb, mode=SINGLE, requiredClusterType=UNKNOWN, requiredReplicaSetName='null', serverSelector='null', clusterListeners='[]', serverSelectionTimeout='30000 ms', localThreshold='30000 ms'}, socketSettings=SocketSettings{connectTimeoutMS=10000, readTimeoutMS=0, receiveBufferSize=0, sendBufferSize=0}, heartbeatSocketSettings=SocketSettings{connectTimeoutMS=10000, readTimeoutMS=10000, receiveBufferSize=0, sendBufferSize=0}, connectionPoolSettings=ConnectionPoolSettings{maxSize=100, minSize=0, maxWaitTimeMS=120000, maxConnectionLifeTimeMS=0, maxConnectionIdleTimeMS=0, maintenanceInitialDelayMS=0, maintenanceFrequencyMS=60000, connectionPoolListeners=[], maxConnecting=2}, serverSettings=ServerSettings{heartbeatFrequencyMS=10000, minHeartbeatFrequencyMS=500, serverListeners='[]', serverMonitorListeners='[]'}, sslSettings=SslSettings{enabled=false, invalidHostNameAllowed=false, context=null}, applicationName='null', compressorList=[], uuidRepresentation=JAVA_LEGACY, serverApi=null, autoEncryptionSettings=null, contextProvider=null}
2024-03-26 09:46:55.347  INFO 5904 --- [localhost:27017] org.mongodb.driver.connection            : Opened connection [connectionId{localValue:7, serverValue:249}] to localhost:27017
2024-03-26 09:46:55.348  INFO 5904 --- [localhost:27017] org.mongodb.driver.cluster               : Monitor thread successfully connected to server with description ServerDescription{address=localhost:27017, type=STANDALONE, state=CONNECTED, ok=true, minWireVersion=0, maxWireVersion=17, maxDocumentSize=16777216, logicalSessionTimeoutMinutes=30, roundTripTimeNanos=135335200}
2024-03-26 09:46:55.351  INFO 5904 --- [localhost:27017] org.mongodb.driver.connection            : Opened connection [connectionId{localValue:8, serverValue:250}] to localhost:27017
2024-03-26 09:46:57.576  INFO 5904 --- [    Test worker] c.t.p.s.impl.LancamentoServiceTest       : Started LancamentoServiceTest in 3.98 seconds (JVM running for 32.383)
]]></system-out>
  <system-err><![CDATA[]]></system-err>
</testsuite>
