<?xml version="1.0" encoding="UTF-8"?>
<testsuite name="com.tiagotibaes.ponto.services.impl.FuncionarioServiceTest" tests="4" skipped="0" failures="0" errors="0" timestamp="2024-03-25T20:38:21" hostname="DESKTOP-1DA81OH" time="0.111">
  <properties/>
  <testcase name="testBuscarFuncionarioPorCpf()" classname="com.tiagotibaes.ponto.services.impl.FuncionarioServiceTest" time="0.026"/>
  <testcase name="testBuscarFuncionarioPorId()" classname="com.tiagotibaes.ponto.services.impl.FuncionarioServiceTest" time="0.016"/>
  <testcase name="testBuscarFuncionarioPorEmail()" classname="com.tiagotibaes.ponto.services.impl.FuncionarioServiceTest" time="0.025"/>
  <testcase name="testPersistirFuncionario()" classname="com.tiagotibaes.ponto.services.impl.FuncionarioServiceTest" time="0.029"/>
  <system-out><![CDATA[2024-03-25 17:38:15.848  INFO 14416 --- [    Test worker] .b.t.c.SpringBootTestContextBootstrapper : Neither @ContextConfiguration nor @ContextHierarchy found for test class [com.tiagotibaes.ponto.services.impl.FuncionarioServiceTest], using SpringBootContextLoader
2024-03-25 17:38:15.850  INFO 14416 --- [    Test worker] o.s.t.c.support.AbstractContextLoader    : Could not detect default resource locations for test class [com.tiagotibaes.ponto.services.impl.FuncionarioServiceTest]: no resource found for suffixes {-context.xml, Context.groovy}.
2024-03-25 17:38:15.851  INFO 14416 --- [    Test worker] t.c.s.AnnotationConfigContextLoaderUtils : Could not detect default configuration classes for test class [com.tiagotibaes.ponto.services.impl.FuncionarioServiceTest]: FuncionarioServiceTest does not declare any static, non-private, non-final, nested classes annotated with @Configuration.
2024-03-25 17:38:15.868  INFO 14416 --- [    Test worker] .b.t.c.SpringBootTestContextBootstrapper : Found @SpringBootConfiguration com.tiagotibaes.ponto.PontoApplication for test class com.tiagotibaes.ponto.services.impl.FuncionarioServiceTest
2024-03-25 17:38:15.878  INFO 14416 --- [    Test worker] .b.t.c.SpringBootTestContextBootstrapper : Loaded default TestExecutionListener class names from location [META-INF/spring.factories]: [org.springframework.boot.test.autoconfigure.restdocs.RestDocsTestExecutionListener, org.springframework.boot.test.autoconfigure.web.client.MockRestServiceServerResetTestExecutionListener, org.springframework.boot.test.autoconfigure.web.servlet.MockMvcPrintOnlyOnFailureTestExecutionListener, org.springframework.boot.test.autoconfigure.web.servlet.WebDriverTestExecutionListener, org.springframework.boot.test.autoconfigure.webservices.client.MockWebServiceServerTestExecutionListener, org.springframework.boot.test.mock.mockito.MockitoTestExecutionListener, org.springframework.boot.test.mock.mockito.ResetMocksTestExecutionListener, org.springframework.test.context.web.ServletTestExecutionListener, org.springframework.test.context.support.DirtiesContextBeforeModesTestExecutionListener, org.springframework.test.context.event.ApplicationEventsTestExecutionListener, org.springframework.test.context.support.DependencyInjectionTestExecutionListener, org.springframework.test.context.support.DirtiesContextTestExecutionListener, org.springframework.test.context.transaction.TransactionalTestExecutionListener, org.springframework.test.context.jdbc.SqlScriptsTestExecutionListener, org.springframework.test.context.event.EventPublishingTestExecutionListener]
2024-03-25 17:38:15.884  INFO 14416 --- [    Test worker] .b.t.c.SpringBootTestContextBootstrapper : Using TestExecutionListeners: [org.springframework.test.context.web.ServletTestExecutionListener@35c95869, org.springframework.test.context.support.DirtiesContextBeforeModesTestExecutionListener@558aa1f1, org.springframework.test.context.event.ApplicationEventsTestExecutionListener@361d8567, org.springframework.boot.test.mock.mockito.MockitoTestExecutionListener@3fd6dfbc, org.springframework.boot.test.autoconfigure.SpringBootDependencyInjectionTestExecutionListener@4023d23f, org.springframework.test.context.support.DirtiesContextTestExecutionListener@402676e3, org.springframework.test.context.transaction.TransactionalTestExecutionListener@1a4ae53d, org.springframework.test.context.jdbc.SqlScriptsTestExecutionListener@1368e2f7, org.springframework.test.context.event.EventPublishingTestExecutionListener@4d84688f, org.springframework.boot.test.autoconfigure.restdocs.RestDocsTestExecutionListener@3ee68eb2, org.springframework.boot.test.autoconfigure.web.client.MockRestServiceServerResetTestExecutionListener@7348e75e, org.springframework.boot.test.autoconfigure.web.servlet.MockMvcPrintOnlyOnFailureTestExecutionListener@27e3dc9a, org.springframework.boot.test.autoconfigure.web.servlet.WebDriverTestExecutionListener@49cd08f9, org.springframework.boot.test.autoconfigure.webservices.client.MockWebServiceServerTestExecutionListener@43549c6c, org.springframework.boot.test.mock.mockito.ResetMocksTestExecutionListener@7792e14f]

  .   ____          _            __ _ _
 /\\ / ___'_ __ _ _(_)_ __  __ _ \ \ \ \
( ( )\___ | '_ | '_| | '_ \/ _` | \ \ \ \
 \\/  ___)| |_)| | | | | || (_| |  ) ) ) )
  '  |____| .__|_| |_|_| |_\__, | / / / /
 =========|_|==============|___/=/_/_/_/
 :: Spring Boot ::                (v2.7.5)

2024-03-25 17:38:16.119  INFO 14416 --- [    Test worker] c.t.p.s.impl.FuncionarioServiceTest      : Starting FuncionarioServiceTest using Java 11.0.20 on DESKTOP-1DA81OH with PID 14416 (started by Tibaes in C:\Users\Tibaes\projects-kotlin\API-SPRINGBOOT-KOTLIN\project\GITHUB\ponto)
2024-03-25 17:38:16.123  INFO 14416 --- [    Test worker] c.t.p.s.impl.FuncionarioServiceTest      : The following 1 profile is active: "test"
2024-03-25 17:38:16.977  INFO 14416 --- [    Test worker] .s.d.r.c.RepositoryConfigurationDelegate : Bootstrapping Spring Data MongoDB repositories in DEFAULT mode.
2024-03-25 17:38:17.089  INFO 14416 --- [    Test worker] .s.d.r.c.RepositoryConfigurationDelegate : Finished Spring Data repository scanning in 111 ms. Found 3 MongoDB repository interfaces.
2024-03-25 17:38:17.815  INFO 14416 --- [    Test worker] org.mongodb.driver.client                : MongoClient with metadata {"driver": {"name": "mongo-java-driver|sync|spring-boot", "version": "4.6.1"}, "os": {"type": "Windows", "name": "Windows 10", "architecture": "amd64", "version": "10.0"}, "platform": "Java/Oracle Corporation/11.0.20+9-LTS-256"} created with settings MongoClientSettings{readPreference=primary, writeConcern=WriteConcern{w=null, wTimeout=null ms, journal=null}, retryWrites=true, retryReads=true, readConcern=ReadConcern{level=null}, credential=null, streamFactoryFactory=null, commandListeners=[], codecRegistry=ProvidersCodecRegistry{codecProviders=[ValueCodecProvider{}, BsonValueCodecProvider{}, DBRefCodecProvider{}, DBObjectCodecProvider{}, DocumentCodecProvider{}, IterableCodecProvider{}, MapCodecProvider{}, GeoJsonCodecProvider{}, GridFSFileCodecProvider{}, Jsr310CodecProvider{}, JsonObjectCodecProvider{}, BsonCodecProvider{}, EnumCodecProvider{}, com.mongodb.Jep395RecordCodecProvider@62b3a2f6]}, clusterSettings={hosts=[localhost:27017], srvServiceName=mongodb, mode=SINGLE, requiredClusterType=UNKNOWN, requiredReplicaSetName='null', serverSelector='null', clusterListeners='[]', serverSelectionTimeout='30000 ms', localThreshold='30000 ms'}, socketSettings=SocketSettings{connectTimeoutMS=10000, readTimeoutMS=0, receiveBufferSize=0, sendBufferSize=0}, heartbeatSocketSettings=SocketSettings{connectTimeoutMS=10000, readTimeoutMS=10000, receiveBufferSize=0, sendBufferSize=0}, connectionPoolSettings=ConnectionPoolSettings{maxSize=100, minSize=0, maxWaitTimeMS=120000, maxConnectionLifeTimeMS=0, maxConnectionIdleTimeMS=0, maintenanceInitialDelayMS=0, maintenanceFrequencyMS=60000, connectionPoolListeners=[], maxConnecting=2}, serverSettings=ServerSettings{heartbeatFrequencyMS=10000, minHeartbeatFrequencyMS=500, serverListeners='[]', serverMonitorListeners='[]'}, sslSettings=SslSettings{enabled=false, invalidHostNameAllowed=false, context=null}, applicationName='null', compressorList=[], uuidRepresentation=JAVA_LEGACY, serverApi=null, autoEncryptionSettings=null, contextProvider=null}
2024-03-25 17:38:17.862  INFO 14416 --- [localhost:27017] org.mongodb.driver.connection            : Opened connection [connectionId{localValue:5, serverValue:140}] to localhost:27017
2024-03-25 17:38:17.863  INFO 14416 --- [localhost:27017] org.mongodb.driver.cluster               : Monitor thread successfully connected to server with description ServerDescription{address=localhost:27017, type=STANDALONE, state=CONNECTED, ok=true, minWireVersion=0, maxWireVersion=17, maxDocumentSize=16777216, logicalSessionTimeoutMinutes=30, roundTripTimeNanos=40841600}
2024-03-25 17:38:17.875  INFO 14416 --- [localhost:27017] org.mongodb.driver.connection            : Opened connection [connectionId{localValue:6, serverValue:141}] to localhost:27017
2024-03-25 17:38:21.183  INFO 14416 --- [    Test worker] c.t.p.s.impl.FuncionarioServiceTest      : Started FuncionarioServiceTest in 5.274 seconds (JVM running for 29.829)
]]></system-out>
  <system-err><![CDATA[]]></system-err>
</testsuite>
