<?xml version="1.0" encoding="UTF-8"?>
<testsuite name="com.tiagotibaes.ponto.PontoApplicationTests" tests="1" skipped="0" failures="0" errors="0" timestamp="2024-03-25T14:23:08" hostname="DESKTOP-1DA81OH" time="0.874">
  <properties/>
  <testcase name="contextLoads()" classname="com.tiagotibaes.ponto.PontoApplicationTests" time="0.874"/>
  <system-out><![CDATA[11:22:59.930 [Test worker] DEBUG org.springframework.test.context.BootstrapUtils - Instantiating CacheAwareContextLoaderDelegate from class [org.springframework.test.context.cache.DefaultCacheAwareContextLoaderDelegate]
11:22:59.954 [Test worker] DEBUG org.springframework.test.context.BootstrapUtils - Instantiating BootstrapContext using constructor [public org.springframework.test.context.support.DefaultBootstrapContext(java.lang.Class,org.springframework.test.context.CacheAwareContextLoaderDelegate)]
11:23:00.055 [Test worker] DEBUG org.springframework.test.context.BootstrapUtils - Instantiating TestContextBootstrapper for test class [com.tiagotibaes.ponto.PontoApplicationTests] from class [org.springframework.boot.test.context.SpringBootTestContextBootstrapper]
11:23:00.100 [Test worker] INFO org.springframework.boot.test.context.SpringBootTestContextBootstrapper - Neither @ContextConfiguration nor @ContextHierarchy found for test class [com.tiagotibaes.ponto.PontoApplicationTests], using SpringBootContextLoader
11:23:00.112 [Test worker] DEBUG org.springframework.test.context.support.AbstractContextLoader - Did not detect default resource location for test class [com.tiagotibaes.ponto.PontoApplicationTests]: class path resource [com/tiagotibaes/ponto/PontoApplicationTests-context.xml] does not exist
11:23:00.114 [Test worker] DEBUG org.springframework.test.context.support.AbstractContextLoader - Did not detect default resource location for test class [com.tiagotibaes.ponto.PontoApplicationTests]: class path resource [com/tiagotibaes/ponto/PontoApplicationTestsContext.groovy] does not exist
11:23:00.114 [Test worker] INFO org.springframework.test.context.support.AbstractContextLoader - Could not detect default resource locations for test class [com.tiagotibaes.ponto.PontoApplicationTests]: no resource found for suffixes {-context.xml, Context.groovy}.
11:23:00.116 [Test worker] INFO org.springframework.test.context.support.AnnotationConfigContextLoaderUtils - Could not detect default configuration classes for test class [com.tiagotibaes.ponto.PontoApplicationTests]: PontoApplicationTests does not declare any static, non-private, non-final, nested classes annotated with @Configuration.
11:23:00.214 [Test worker] DEBUG org.springframework.test.context.support.ActiveProfilesUtils - Could not find an 'annotation declaring class' for annotation type [org.springframework.test.context.ActiveProfiles] and class [com.tiagotibaes.ponto.PontoApplicationTests]
11:23:00.355 [Test worker] DEBUG org.springframework.context.annotation.ClassPathScanningCandidateComponentProvider - Identified candidate component class: file [C:\Users\Tibaes\projects-kotlin\API-SPRINGBOOT-KOTLIN\project\GITHUB\ponto\build\classes\kotlin\main\com\tiagotibaes\ponto\PontoApplication.class]
11:23:00.359 [Test worker] INFO org.springframework.boot.test.context.SpringBootTestContextBootstrapper - Found @SpringBootConfiguration com.tiagotibaes.ponto.PontoApplication for test class com.tiagotibaes.ponto.PontoApplicationTests
11:23:00.620 [Test worker] DEBUG org.springframework.boot.test.context.SpringBootTestContextBootstrapper - @TestExecutionListeners is not present for class [com.tiagotibaes.ponto.PontoApplicationTests]: using defaults.
11:23:00.622 [Test worker] INFO org.springframework.boot.test.context.SpringBootTestContextBootstrapper - Loaded default TestExecutionListener class names from location [META-INF/spring.factories]: [org.springframework.boot.test.autoconfigure.restdocs.RestDocsTestExecutionListener, org.springframework.boot.test.autoconfigure.web.client.MockRestServiceServerResetTestExecutionListener, org.springframework.boot.test.autoconfigure.web.servlet.MockMvcPrintOnlyOnFailureTestExecutionListener, org.springframework.boot.test.autoconfigure.web.servlet.WebDriverTestExecutionListener, org.springframework.boot.test.autoconfigure.webservices.client.MockWebServiceServerTestExecutionListener, org.springframework.boot.test.mock.mockito.MockitoTestExecutionListener, org.springframework.boot.test.mock.mockito.ResetMocksTestExecutionListener, org.springframework.test.context.web.ServletTestExecutionListener, org.springframework.test.context.support.DirtiesContextBeforeModesTestExecutionListener, org.springframework.test.context.event.ApplicationEventsTestExecutionListener, org.springframework.test.context.support.DependencyInjectionTestExecutionListener, org.springframework.test.context.support.DirtiesContextTestExecutionListener, org.springframework.test.context.transaction.TransactionalTestExecutionListener, org.springframework.test.context.jdbc.SqlScriptsTestExecutionListener, org.springframework.test.context.event.EventPublishingTestExecutionListener]
11:23:00.659 [Test worker] INFO org.springframework.boot.test.context.SpringBootTestContextBootstrapper - Using TestExecutionListeners: [org.springframework.test.context.web.ServletTestExecutionListener@88d6f9b, org.springframework.test.context.support.DirtiesContextBeforeModesTestExecutionListener@47d93e0d, org.springframework.test.context.event.ApplicationEventsTestExecutionListener@475b7792, org.springframework.boot.test.mock.mockito.MockitoTestExecutionListener@751e664e, org.springframework.boot.test.autoconfigure.SpringBootDependencyInjectionTestExecutionListener@160c3ec1, org.springframework.test.context.support.DirtiesContextTestExecutionListener@182b435b, org.springframework.test.context.transaction.TransactionalTestExecutionListener@4d0402b, org.springframework.test.context.jdbc.SqlScriptsTestExecutionListener@2fa7ae9, org.springframework.test.context.event.EventPublishingTestExecutionListener@7577b641, org.springframework.boot.test.autoconfigure.restdocs.RestDocsTestExecutionListener@3704122f, org.springframework.boot.test.autoconfigure.web.client.MockRestServiceServerResetTestExecutionListener@3153ddfc, org.springframework.boot.test.autoconfigure.web.servlet.MockMvcPrintOnlyOnFailureTestExecutionListener@60afd40d, org.springframework.boot.test.autoconfigure.web.servlet.WebDriverTestExecutionListener@28a2a3e7, org.springframework.boot.test.autoconfigure.webservices.client.MockWebServiceServerTestExecutionListener@3f2049b6, org.springframework.boot.test.mock.mockito.ResetMocksTestExecutionListener@10b3df93]
11:23:00.669 [Test worker] DEBUG org.springframework.test.context.support.AbstractDirtiesContextTestExecutionListener - Before test class: context [DefaultTestContext@5a2f016d testClass = PontoApplicationTests, testInstance = [null], testMethod = [null], testException = [null], mergedContextConfiguration = [WebMergedContextConfiguration@1a38ba58 testClass = PontoApplicationTests, locations = '{}', classes = '{class com.tiagotibaes.ponto.PontoApplication}', contextInitializerClasses = '[]', activeProfiles = '{}', propertySourceLocations = '{}', propertySourceProperties = '{org.springframework.boot.test.context.SpringBootTestContextBootstrapper=true}', contextCustomizers = set[org.springframework.boot.test.autoconfigure.actuate.metrics.MetricsExportContextCustomizerFactory$DisableMetricExportContextCustomizer@183e8023, org.springframework.boot.test.autoconfigure.properties.PropertyMappingContextCustomizer@0, org.springframework.boot.test.autoconfigure.web.servlet.WebDriverContextCustomizerFactory$Customizer@56bca85b, org.springframework.boot.test.context.filter.ExcludeFilterContextCustomizer@22b53226, org.springframework.boot.test.json.DuplicateJsonObjectContextCustomizerFactory$DuplicateJsonObjectContextCustomizer@ea9b7c6, org.springframework.boot.test.mock.mockito.MockitoContextCustomizer@0, org.springframework.boot.test.web.client.TestRestTemplateContextCustomizer@41813449, org.springframework.boot.test.context.SpringBootTestArgs@1, org.springframework.boot.test.context.SpringBootTestWebEnvironment@74f6c5d8], resourceBasePath = 'src/main/webapp', contextLoader = 'org.springframework.boot.test.context.SpringBootContextLoader', parent = [null]], attributes = map['org.springframework.test.context.web.ServletTestExecutionListener.activateListener' -> true]], class annotated with @DirtiesContext [false] with mode [null].

  .   ____          _            __ _ _
 /\\ / ___'_ __ _ _(_)_ __  __ _ \ \ \ \
( ( )\___ | '_ | '_| | '_ \/ _` | \ \ \ \
 \\/  ___)| |_)| | | | | || (_| |  ) ) ) )
  '  |____| .__|_| |_|_| |_\__, | / / / /
 =========|_|==============|___/=/_/_/_/
 :: Spring Boot ::                (v2.7.5)

2024-03-25 11:23:01.549  INFO 10880 --- [    Test worker] c.t.ponto.PontoApplicationTests          : Starting PontoApplicationTests using Java 11.0.20 on DESKTOP-1DA81OH with PID 10880 (started by Tibaes in C:\Users\Tibaes\projects-kotlin\API-SPRINGBOOT-KOTLIN\project\GITHUB\ponto)
2024-03-25 11:23:01.552  INFO 10880 --- [    Test worker] c.t.ponto.PontoApplicationTests          : No active profile set, falling back to 1 default profile: "default"
2024-03-25 11:23:03.260  INFO 10880 --- [    Test worker] .s.d.r.c.RepositoryConfigurationDelegate : Bootstrapping Spring Data MongoDB repositories in DEFAULT mode.
2024-03-25 11:23:03.282  INFO 10880 --- [    Test worker] .s.d.r.c.RepositoryConfigurationDelegate : Finished Spring Data repository scanning in 13 ms. Found 0 MongoDB repository interfaces.
2024-03-25 11:23:06.385  INFO 10880 --- [    Test worker] org.mongodb.driver.client                : MongoClient with metadata {"driver": {"name": "mongo-java-driver|sync|spring-boot", "version": "4.6.1"}, "os": {"type": "Windows", "name": "Windows 10", "architecture": "amd64", "version": "10.0"}, "platform": "Java/Oracle Corporation/11.0.20+9-LTS-256"} created with settings MongoClientSettings{readPreference=primary, writeConcern=WriteConcern{w=null, wTimeout=null ms, journal=null}, retryWrites=true, retryReads=true, readConcern=ReadConcern{level=null}, credential=null, streamFactoryFactory=null, commandListeners=[], codecRegistry=ProvidersCodecRegistry{codecProviders=[ValueCodecProvider{}, BsonValueCodecProvider{}, DBRefCodecProvider{}, DBObjectCodecProvider{}, DocumentCodecProvider{}, IterableCodecProvider{}, MapCodecProvider{}, GeoJsonCodecProvider{}, GridFSFileCodecProvider{}, Jsr310CodecProvider{}, JsonObjectCodecProvider{}, BsonCodecProvider{}, EnumCodecProvider{}, com.mongodb.Jep395RecordCodecProvider@716f94c1]}, clusterSettings={hosts=[localhost:27017], srvServiceName=mongodb, mode=SINGLE, requiredClusterType=UNKNOWN, requiredReplicaSetName='null', serverSelector='null', clusterListeners='[]', serverSelectionTimeout='30000 ms', localThreshold='30000 ms'}, socketSettings=SocketSettings{connectTimeoutMS=10000, readTimeoutMS=0, receiveBufferSize=0, sendBufferSize=0}, heartbeatSocketSettings=SocketSettings{connectTimeoutMS=10000, readTimeoutMS=10000, receiveBufferSize=0, sendBufferSize=0}, connectionPoolSettings=ConnectionPoolSettings{maxSize=100, minSize=0, maxWaitTimeMS=120000, maxConnectionLifeTimeMS=0, maxConnectionIdleTimeMS=0, maintenanceInitialDelayMS=0, maintenanceFrequencyMS=60000, connectionPoolListeners=[], maxConnecting=2}, serverSettings=ServerSettings{heartbeatFrequencyMS=10000, minHeartbeatFrequencyMS=500, serverListeners='[]', serverMonitorListeners='[]'}, sslSettings=SslSettings{enabled=false, invalidHostNameAllowed=false, context=null}, applicationName='null', compressorList=[], uuidRepresentation=JAVA_LEGACY, serverApi=null, autoEncryptionSettings=null, contextProvider=null}
2024-03-25 11:23:06.419  INFO 10880 --- [localhost:27017] org.mongodb.driver.connection            : Opened connection [connectionId{localValue:1, serverValue:8}] to localhost:27017
2024-03-25 11:23:06.418  INFO 10880 --- [localhost:27017] org.mongodb.driver.connection            : Opened connection [connectionId{localValue:2, serverValue:7}] to localhost:27017
2024-03-25 11:23:06.421  INFO 10880 --- [localhost:27017] org.mongodb.driver.cluster               : Monitor thread successfully connected to server with description ServerDescription{address=localhost:27017, type=STANDALONE, state=CONNECTED, ok=true, minWireVersion=0, maxWireVersion=17, maxDocumentSize=16777216, logicalSessionTimeoutMinutes=30, roundTripTimeNanos=81563300}
2024-03-25 11:23:07.532  WARN 10880 --- [    Test worker] .s.s.UserDetailsServiceAutoConfiguration : 

Using generated security password: 38b39703-bbfc-46f9-8b54-b6e6c367cbb4

This generated password is for development use only. Your security configuration must be updated before running your application in production.

2024-03-25 11:23:08.205  INFO 10880 --- [    Test worker] o.s.s.web.DefaultSecurityFilterChain     : Will secure any request with [org.springframework.security.web.session.DisableEncodeUrlFilter@abc7005, org.springframework.security.web.context.request.async.WebAsyncManagerIntegrationFilter@595ec862, org.springframework.security.web.context.SecurityContextPersistenceFilter@603d25db, org.springframework.security.web.header.HeaderWriterFilter@8f4b803, org.springframework.security.web.csrf.CsrfFilter@3c544c9, org.springframework.security.web.authentication.logout.LogoutFilter@7d4d65f5, org.springframework.security.web.authentication.UsernamePasswordAuthenticationFilter@37806be6, org.springframework.security.web.authentication.ui.DefaultLoginPageGeneratingFilter@646e6d07, org.springframework.security.web.authentication.ui.DefaultLogoutPageGeneratingFilter@63c84d31, org.springframework.security.web.authentication.www.BasicAuthenticationFilter@75f4d8a8, org.springframework.security.web.savedrequest.RequestCacheAwareFilter@b86cb18, org.springframework.security.web.servletapi.SecurityContextHolderAwareRequestFilter@29c244e, org.springframework.security.web.authentication.AnonymousAuthenticationFilter@102af1bb, org.springframework.security.web.session.SessionManagementFilter@24fc2c80, org.springframework.security.web.access.ExceptionTranslationFilter@789dd6bf, org.springframework.security.web.access.intercept.FilterSecurityInterceptor@6de610c6]
2024-03-25 11:23:08.439  INFO 10880 --- [    Test worker] c.t.ponto.PontoApplicationTests          : Started PontoApplicationTests in 7.687 seconds (JVM running for 10.749)
]]></system-out>
  <system-err><![CDATA[]]></system-err>
</testsuite>
