<?xml version="1.0" encoding="UTF-8"?>
<testsuite name="com.tiagotibaes.ponto.services.impl.FuncionarioServiceTest" tests="4" skipped="0" failures="0" errors="0" timestamp="2024-03-26T12:46:53" hostname="DESKTOP-1DA81OH" time="0.138">
  <properties/>
  <testcase name="testBuscarFuncionarioPorCpf()" classname="com.tiagotibaes.ponto.services.impl.FuncionarioServiceTest" time="0.025"/>
  <testcase name="testBuscarFuncionarioPorId()" classname="com.tiagotibaes.ponto.services.impl.FuncionarioServiceTest" time="0.021"/>
  <testcase name="testBuscarFuncionarioPorEmail()" classname="com.tiagotibaes.ponto.services.impl.FuncionarioServiceTest" time="0.021"/>
  <testcase name="testPersistirFuncionario()" classname="com.tiagotibaes.ponto.services.impl.FuncionarioServiceTest" time="0.042"/>
  <system-out><![CDATA[2024-03-26 09:46:49.576  INFO 5904 --- [    Test worker] .b.t.c.SpringBootTestContextBootstrapper : Neither @ContextConfiguration nor @ContextHierarchy found for test class [com.tiagotibaes.ponto.services.impl.FuncionarioServiceTest], using SpringBootContextLoader
2024-03-26 09:46:49.581  INFO 5904 --- [    Test worker] o.s.t.c.support.AbstractContextLoader    : Could not detect default resource locations for test class [com.tiagotibaes.ponto.services.impl.FuncionarioServiceTest]: no resource found for suffixes {-context.xml, Context.groovy}.
2024-03-26 09:46:49.584  INFO 5904 --- [    Test worker] t.c.s.AnnotationConfigContextLoaderUtils : Could not detect default configuration classes for test class [com.tiagotibaes.ponto.services.impl.FuncionarioServiceTest]: FuncionarioServiceTest does not declare any static, non-private, non-final, nested classes annotated with @Configuration.
2024-03-26 09:46:49.599  INFO 5904 --- [    Test worker] .b.t.c.SpringBootTestContextBootstrapper : Found @SpringBootConfiguration com.tiagotibaes.ponto.PontoApplication for test class com.tiagotibaes.ponto.services.impl.FuncionarioServiceTest
2024-03-26 09:46:49.605  INFO 5904 --- [    Test worker] .b.t.c.SpringBootTestContextBootstrapper : Loaded default TestExecutionListener class names from location [META-INF/spring.factories]: [org.springframework.boot.test.autoconfigure.restdocs.RestDocsTestExecutionListener, org.springframework.boot.test.autoconfigure.web.client.MockRestServiceServerResetTestExecutionListener, org.springframework.boot.test.autoconfigure.web.servlet.MockMvcPrintOnlyOnFailureTestExecutionListener, org.springframework.boot.test.autoconfigure.web.servlet.WebDriverTestExecutionListener, org.springframework.boot.test.autoconfigure.webservices.client.MockWebServiceServerTestExecutionListener, org.springframework.boot.test.mock.mockito.MockitoTestExecutionListener, org.springframework.boot.test.mock.mockito.ResetMocksTestExecutionListener, org.springframework.test.context.web.ServletTestExecutionListener, org.springframework.test.context.support.DirtiesContextBeforeModesTestExecutionListener, org.springframework.test.context.event.ApplicationEventsTestExecutionListener, org.springframework.test.context.support.DependencyInjectionTestExecutionListener, org.springframework.test.context.support.DirtiesContextTestExecutionListener, org.springframework.test.context.transaction.TransactionalTestExecutionListener, org.springframework.test.context.jdbc.SqlScriptsTestExecutionListener, org.springframework.test.context.event.EventPublishingTestExecutionListener]
2024-03-26 09:46:49.610  INFO 5904 --- [    Test worker] .b.t.c.SpringBootTestContextBootstrapper : Using TestExecutionListeners: [org.springframework.test.context.web.ServletTestExecutionListener@44117b0d, org.springframework.test.context.support.DirtiesContextBeforeModesTestExecutionListener@58679ff, org.springframework.test.context.event.ApplicationEventsTestExecutionListener@35d2312f, org.springframework.boot.test.mock.mockito.MockitoTestExecutionListener@1b26fac2, org.springframework.boot.test.autoconfigure.SpringBootDependencyInjectionTestExecutionListener@54a033b8, org.springframework.test.context.support.DirtiesContextTestExecutionListener@62dfe152, org.springframework.test.context.transaction.TransactionalTestExecutionListener@46a0ef6f, org.springframework.test.context.jdbc.SqlScriptsTestExecutionListener@6afced93, org.springframework.test.context.event.EventPublishingTestExecutionListener@3f142e87, org.springframework.boot.test.autoconfigure.restdocs.RestDocsTestExecutionListener@22dc9d46, org.springframework.boot.test.autoconfigure.web.client.MockRestServiceServerResetTestExecutionListener@63c6c5e5, org.springframework.boot.test.autoconfigure.web.servlet.MockMvcPrintOnlyOnFailureTestExecutionListener@6edb2c7b, org.springframework.boot.test.autoconfigure.web.servlet.WebDriverTestExecutionListener@70a54731, org.springframework.boot.test.autoconfigure.webservices.client.MockWebServiceServerTestExecutionListener@36d5c2ce, org.springframework.boot.test.mock.mockito.ResetMocksTestExecutionListener@6369d01c]

  .   ____          _            __ _ _
 /\\ / ___'_ __ _ _(_)_ __  __ _ \ \ \ \
( ( )\___ | '_ | '_| | '_ \/ _` | \ \ \ \
 \\/  ___)| |_)| | | | | || (_| |  ) ) ) )
  '  |____| .__|_| |_|_| |_\__, | / / / /
 =========|_|==============|___/=/_/_/_/
 :: Spring Boot ::                (v2.7.5)

2024-03-26 09:46:49.716  INFO 5904 --- [    Test worker] c.t.p.s.impl.FuncionarioServiceTest      : Starting FuncionarioServiceTest using Java 11.0.20 on DESKTOP-1DA81OH with PID 5904 (started by Tibaes in C:\Users\Tibaes\projects-kotlin\API-SPRINGBOOT-KOTLIN\project\GITHUB\ponto)
2024-03-26 09:46:49.717  INFO 5904 --- [    Test worker] c.t.p.s.impl.FuncionarioServiceTest      : The following 1 profile is active: "test"
2024-03-26 09:46:50.488  INFO 5904 --- [    Test worker] .s.d.r.c.RepositoryConfigurationDelegate : Bootstrapping Spring Data MongoDB repositories in DEFAULT mode.
2024-03-26 09:46:50.573  INFO 5904 --- [    Test worker] .s.d.r.c.RepositoryConfigurationDelegate : Finished Spring Data repository scanning in 82 ms. Found 3 MongoDB repository interfaces.
2024-03-26 09:46:51.059  INFO 5904 --- [    Test worker] org.mongodb.driver.client                : MongoClient with metadata {"driver": {"name": "mongo-java-driver|sync|spring-boot", "version": "4.6.1"}, "os": {"type": "Windows", "name": "Windows 10", "architecture": "amd64", "version": "10.0"}, "platform": "Java/Oracle Corporation/11.0.20+9-LTS-256"} created with settings MongoClientSettings{readPreference=primary, writeConcern=WriteConcern{w=null, wTimeout=null ms, journal=null}, retryWrites=true, retryReads=true, readConcern=ReadConcern{level=null}, credential=null, streamFactoryFactory=null, commandListeners=[], codecRegistry=ProvidersCodecRegistry{codecProviders=[ValueCodecProvider{}, BsonValueCodecProvider{}, DBRefCodecProvider{}, DBObjectCodecProvider{}, DocumentCodecProvider{}, IterableCodecProvider{}, MapCodecProvider{}, GeoJsonCodecProvider{}, GridFSFileCodecProvider{}, Jsr310CodecProvider{}, JsonObjectCodecProvider{}, BsonCodecProvider{}, EnumCodecProvider{}, com.mongodb.Jep395RecordCodecProvider@46fc522d]}, clusterSettings={hosts=[localhost:27017], srvServiceName=mongodb, mode=SINGLE, requiredClusterType=UNKNOWN, requiredReplicaSetName='null', serverSelector='null', clusterListeners='[]', serverSelectionTimeout='30000 ms', localThreshold='30000 ms'}, socketSettings=SocketSettings{connectTimeoutMS=10000, readTimeoutMS=0, receiveBufferSize=0, sendBufferSize=0}, heartbeatSocketSettings=SocketSettings{connectTimeoutMS=10000, readTimeoutMS=10000, receiveBufferSize=0, sendBufferSize=0}, connectionPoolSettings=ConnectionPoolSettings{maxSize=100, minSize=0, maxWaitTimeMS=120000, maxConnectionLifeTimeMS=0, maxConnectionIdleTimeMS=0, maintenanceInitialDelayMS=0, maintenanceFrequencyMS=60000, connectionPoolListeners=[], maxConnecting=2}, serverSettings=ServerSettings{heartbeatFrequencyMS=10000, minHeartbeatFrequencyMS=500, serverListeners='[]', serverMonitorListeners='[]'}, sslSettings=SslSettings{enabled=false, invalidHostNameAllowed=false, context=null}, applicationName='null', compressorList=[], uuidRepresentation=JAVA_LEGACY, serverApi=null, autoEncryptionSettings=null, contextProvider=null}
2024-03-26 09:46:51.194  INFO 5904 --- [localhost:27017] org.mongodb.driver.connection            : Opened connection [connectionId{localValue:5, serverValue:247}] to localhost:27017
2024-03-26 09:46:51.195  INFO 5904 --- [localhost:27017] org.mongodb.driver.cluster               : Monitor thread successfully connected to server with description ServerDescription{address=localhost:27017, type=STANDALONE, state=CONNECTED, ok=true, minWireVersion=0, maxWireVersion=17, maxDocumentSize=16777216, logicalSessionTimeoutMinutes=30, roundTripTimeNanos=103894000}
2024-03-26 09:46:51.196  INFO 5904 --- [localhost:27017] org.mongodb.driver.connection            : Opened connection [connectionId{localValue:6, serverValue:248}] to localhost:27017
2024-03-26 09:46:53.370  INFO 5904 --- [    Test worker] c.t.p.s.impl.FuncionarioServiceTest      : Started FuncionarioServiceTest in 3.739 seconds (JVM running for 28.177)
]]></system-out>
  <system-err><![CDATA[]]></system-err>
</testsuite>
