<?xml version="1.0" encoding="UTF-8"?>
<testsuite name="com.tiagotibaes.ponto.services.impl.EmpresaServiceImplTest" tests="2" skipped="0" failures="0" errors="0" timestamp="2024-03-26T00:09:53" hostname="DESKTOP-1DA81OH" time="0.221">
  <properties/>
  <testcase name="testBuscarEmpresaPorCnpj()" classname="com.tiagotibaes.ponto.services.impl.EmpresaServiceImplTest" time="0.186"/>
  <testcase name="testCriarEmpresa()" classname="com.tiagotibaes.ponto.services.impl.EmpresaServiceImplTest" time="0.024"/>
  <system-out><![CDATA[2024-03-25 21:09:47.320  INFO 20992 --- [    Test worker] .b.t.c.SpringBootTestContextBootstrapper : Neither @ContextConfiguration nor @ContextHierarchy found for test class [com.tiagotibaes.ponto.services.impl.EmpresaServiceImplTest], using SpringBootContextLoader
2024-03-25 21:09:47.324  INFO 20992 --- [    Test worker] o.s.t.c.support.AbstractContextLoader    : Could not detect default resource locations for test class [com.tiagotibaes.ponto.services.impl.EmpresaServiceImplTest]: no resource found for suffixes {-context.xml, Context.groovy}.
2024-03-25 21:09:47.324  INFO 20992 --- [    Test worker] t.c.s.AnnotationConfigContextLoaderUtils : Could not detect default configuration classes for test class [com.tiagotibaes.ponto.services.impl.EmpresaServiceImplTest]: EmpresaServiceImplTest does not declare any static, non-private, non-final, nested classes annotated with @Configuration.
2024-03-25 21:09:47.393  INFO 20992 --- [    Test worker] .b.t.c.SpringBootTestContextBootstrapper : Found @SpringBootConfiguration com.tiagotibaes.ponto.PontoApplication for test class com.tiagotibaes.ponto.services.impl.EmpresaServiceImplTest
2024-03-25 21:09:47.406  INFO 20992 --- [    Test worker] .b.t.c.SpringBootTestContextBootstrapper : Loaded default TestExecutionListener class names from location [META-INF/spring.factories]: [org.springframework.boot.test.autoconfigure.restdocs.RestDocsTestExecutionListener, org.springframework.boot.test.autoconfigure.web.client.MockRestServiceServerResetTestExecutionListener, org.springframework.boot.test.autoconfigure.web.servlet.MockMvcPrintOnlyOnFailureTestExecutionListener, org.springframework.boot.test.autoconfigure.web.servlet.WebDriverTestExecutionListener, org.springframework.boot.test.autoconfigure.webservices.client.MockWebServiceServerTestExecutionListener, org.springframework.boot.test.mock.mockito.MockitoTestExecutionListener, org.springframework.boot.test.mock.mockito.ResetMocksTestExecutionListener, org.springframework.test.context.web.ServletTestExecutionListener, org.springframework.test.context.support.DirtiesContextBeforeModesTestExecutionListener, org.springframework.test.context.event.ApplicationEventsTestExecutionListener, org.springframework.test.context.support.DependencyInjectionTestExecutionListener, org.springframework.test.context.support.DirtiesContextTestExecutionListener, org.springframework.test.context.transaction.TransactionalTestExecutionListener, org.springframework.test.context.jdbc.SqlScriptsTestExecutionListener, org.springframework.test.context.event.EventPublishingTestExecutionListener]
2024-03-25 21:09:47.407  INFO 20992 --- [    Test worker] .b.t.c.SpringBootTestContextBootstrapper : Using TestExecutionListeners: [org.springframework.test.context.web.ServletTestExecutionListener@666b91db, org.springframework.test.context.support.DirtiesContextBeforeModesTestExecutionListener@11a67420, org.springframework.test.context.event.ApplicationEventsTestExecutionListener@663cf5d7, org.springframework.boot.test.mock.mockito.MockitoTestExecutionListener@11b14ae3, org.springframework.boot.test.autoconfigure.SpringBootDependencyInjectionTestExecutionListener@2b6ee447, org.springframework.test.context.support.DirtiesContextTestExecutionListener@9cb927e, org.springframework.test.context.transaction.TransactionalTestExecutionListener@8585cdd, org.springframework.test.context.jdbc.SqlScriptsTestExecutionListener@1325f967, org.springframework.test.context.event.EventPublishingTestExecutionListener@4f356b98, org.springframework.boot.test.autoconfigure.restdocs.RestDocsTestExecutionListener@1ab85862, org.springframework.boot.test.autoconfigure.web.client.MockRestServiceServerResetTestExecutionListener@504c415c, org.springframework.boot.test.autoconfigure.web.servlet.MockMvcPrintOnlyOnFailureTestExecutionListener@6c9e74f3, org.springframework.boot.test.autoconfigure.web.servlet.WebDriverTestExecutionListener@813ab53, org.springframework.boot.test.autoconfigure.webservices.client.MockWebServiceServerTestExecutionListener@5030997b, org.springframework.boot.test.mock.mockito.ResetMocksTestExecutionListener@62c47480]

  .   ____          _            __ _ _
 /\\ / ___'_ __ _ _(_)_ __  __ _ \ \ \ \
( ( )\___ | '_ | '_| | '_ \/ _` | \ \ \ \
 \\/  ___)| |_)| | | | | || (_| |  ) ) ) )
  '  |____| .__|_| |_|_| |_\__, | / / / /
 =========|_|==============|___/=/_/_/_/
 :: Spring Boot ::                (v2.7.5)

2024-03-25 21:09:47.629  INFO 20992 --- [    Test worker] c.t.p.s.impl.EmpresaServiceImplTest      : Starting EmpresaServiceImplTest using Java 11.0.20 on DESKTOP-1DA81OH with PID 20992 (started by Tibaes in C:\Users\Tibaes\projects-kotlin\API-SPRINGBOOT-KOTLIN\project\GITHUB\ponto)
2024-03-25 21:09:47.631  INFO 20992 --- [    Test worker] c.t.p.s.impl.EmpresaServiceImplTest      : The following 1 profile is active: "test"
2024-03-25 21:09:48.673  INFO 20992 --- [    Test worker] .s.d.r.c.RepositoryConfigurationDelegate : Bootstrapping Spring Data MongoDB repositories in DEFAULT mode.
2024-03-25 21:09:48.772  INFO 20992 --- [    Test worker] .s.d.r.c.RepositoryConfigurationDelegate : Finished Spring Data repository scanning in 97 ms. Found 3 MongoDB repository interfaces.
2024-03-25 21:09:50.421  INFO 20992 --- [    Test worker] org.mongodb.driver.client                : MongoClient with metadata {"driver": {"name": "mongo-java-driver|sync|spring-boot", "version": "4.6.1"}, "os": {"type": "Windows", "name": "Windows 10", "architecture": "amd64", "version": "10.0"}, "platform": "Java/Oracle Corporation/11.0.20+9-LTS-256"} created with settings MongoClientSettings{readPreference=primary, writeConcern=WriteConcern{w=null, wTimeout=null ms, journal=null}, retryWrites=true, retryReads=true, readConcern=ReadConcern{level=null}, credential=null, streamFactoryFactory=null, commandListeners=[], codecRegistry=ProvidersCodecRegistry{codecProviders=[ValueCodecProvider{}, BsonValueCodecProvider{}, DBRefCodecProvider{}, DBObjectCodecProvider{}, DocumentCodecProvider{}, IterableCodecProvider{}, MapCodecProvider{}, GeoJsonCodecProvider{}, GridFSFileCodecProvider{}, Jsr310CodecProvider{}, JsonObjectCodecProvider{}, BsonCodecProvider{}, EnumCodecProvider{}, com.mongodb.Jep395RecordCodecProvider@4bc6da03]}, clusterSettings={hosts=[localhost:27017], srvServiceName=mongodb, mode=SINGLE, requiredClusterType=UNKNOWN, requiredReplicaSetName='null', serverSelector='null', clusterListeners='[]', serverSelectionTimeout='30000 ms', localThreshold='30000 ms'}, socketSettings=SocketSettings{connectTimeoutMS=10000, readTimeoutMS=0, receiveBufferSize=0, sendBufferSize=0}, heartbeatSocketSettings=SocketSettings{connectTimeoutMS=10000, readTimeoutMS=10000, receiveBufferSize=0, sendBufferSize=0}, connectionPoolSettings=ConnectionPoolSettings{maxSize=100, minSize=0, maxWaitTimeMS=120000, maxConnectionLifeTimeMS=0, maxConnectionIdleTimeMS=0, maintenanceInitialDelayMS=0, maintenanceFrequencyMS=60000, connectionPoolListeners=[], maxConnecting=2}, serverSettings=ServerSettings{heartbeatFrequencyMS=10000, minHeartbeatFrequencyMS=500, serverListeners='[]', serverMonitorListeners='[]'}, sslSettings=SslSettings{enabled=false, invalidHostNameAllowed=false, context=null}, applicationName='null', compressorList=[], uuidRepresentation=JAVA_LEGACY, serverApi=null, autoEncryptionSettings=null, contextProvider=null}
2024-03-25 21:09:50.779  INFO 20992 --- [localhost:27017] org.mongodb.driver.connection            : Opened connection [connectionId{localValue:4, serverValue:200}] to localhost:27017
2024-03-25 21:09:50.787  INFO 20992 --- [localhost:27017] org.mongodb.driver.connection            : Opened connection [connectionId{localValue:3, serverValue:199}] to localhost:27017
2024-03-25 21:09:50.790  INFO 20992 --- [localhost:27017] org.mongodb.driver.cluster               : Monitor thread successfully connected to server with description ServerDescription{address=localhost:27017, type=STANDALONE, state=CONNECTED, ok=true, minWireVersion=0, maxWireVersion=17, maxDocumentSize=16777216, logicalSessionTimeoutMinutes=30, roundTripTimeNanos=345548100}
2024-03-25 21:09:53.641  INFO 20992 --- [    Test worker] c.t.p.s.impl.EmpresaServiceImplTest      : Started EmpresaServiceImplTest in 6.22 seconds (JVM running for 25.588)
]]></system-out>
  <system-err><![CDATA[]]></system-err>
</testsuite>
