<?xml version="1.0" encoding="UTF-8"?>
<testsuite name="com.tiagotibaes.ponto.services.impl.FuncionarioServiceTest" tests="4" skipped="0" failures="0" errors="0" timestamp="2024-03-25T15:07:01" hostname="DESKTOP-1DA81OH" time="2.833">
  <properties/>
  <testcase name="testBuscarFuncionarioPorCpf()" classname="com.tiagotibaes.ponto.services.impl.FuncionarioServiceTest" time="0.603"/>
  <testcase name="testBuscarFuncionarioPorId()" classname="com.tiagotibaes.ponto.services.impl.FuncionarioServiceTest" time="0.635"/>
  <testcase name="testBuscarFuncionarioPorEmail()" classname="com.tiagotibaes.ponto.services.impl.FuncionarioServiceTest" time="0.703"/>
  <testcase name="testPersistirFuncionario()" classname="com.tiagotibaes.ponto.services.impl.FuncionarioServiceTest" time="0.816"/>
  <system-out><![CDATA[2024-03-25 12:06:58.527  INFO 2680 --- [    Test worker] .b.t.c.SpringBootTestContextBootstrapper : Neither @ContextConfiguration nor @ContextHierarchy found for test class [com.tiagotibaes.ponto.services.impl.FuncionarioServiceTest], using SpringBootContextLoader
2024-03-25 12:06:58.536  INFO 2680 --- [    Test worker] o.s.t.c.support.AbstractContextLoader    : Could not detect default resource locations for test class [com.tiagotibaes.ponto.services.impl.FuncionarioServiceTest]: no resource found for suffixes {-context.xml, Context.groovy}.
2024-03-25 12:06:58.536  INFO 2680 --- [    Test worker] t.c.s.AnnotationConfigContextLoaderUtils : Could not detect default configuration classes for test class [com.tiagotibaes.ponto.services.impl.FuncionarioServiceTest]: FuncionarioServiceTest does not declare any static, non-private, non-final, nested classes annotated with @Configuration.
2024-03-25 12:06:58.549  INFO 2680 --- [    Test worker] .b.t.c.SpringBootTestContextBootstrapper : Found @SpringBootConfiguration com.tiagotibaes.ponto.PontoApplication for test class com.tiagotibaes.ponto.services.impl.FuncionarioServiceTest
2024-03-25 12:06:58.556  INFO 2680 --- [    Test worker] .b.t.c.SpringBootTestContextBootstrapper : Loaded default TestExecutionListener class names from location [META-INF/spring.factories]: [org.springframework.boot.test.autoconfigure.restdocs.RestDocsTestExecutionListener, org.springframework.boot.test.autoconfigure.web.client.MockRestServiceServerResetTestExecutionListener, org.springframework.boot.test.autoconfigure.web.servlet.MockMvcPrintOnlyOnFailureTestExecutionListener, org.springframework.boot.test.autoconfigure.web.servlet.WebDriverTestExecutionListener, org.springframework.boot.test.autoconfigure.webservices.client.MockWebServiceServerTestExecutionListener, org.springframework.boot.test.mock.mockito.MockitoTestExecutionListener, org.springframework.boot.test.mock.mockito.ResetMocksTestExecutionListener, org.springframework.test.context.web.ServletTestExecutionListener, org.springframework.test.context.support.DirtiesContextBeforeModesTestExecutionListener, org.springframework.test.context.event.ApplicationEventsTestExecutionListener, org.springframework.test.context.support.DependencyInjectionTestExecutionListener, org.springframework.test.context.support.DirtiesContextTestExecutionListener, org.springframework.test.context.transaction.TransactionalTestExecutionListener, org.springframework.test.context.jdbc.SqlScriptsTestExecutionListener, org.springframework.test.context.event.EventPublishingTestExecutionListener]
2024-03-25 12:06:58.557  INFO 2680 --- [    Test worker] .b.t.c.SpringBootTestContextBootstrapper : Using TestExecutionListeners: [org.springframework.test.context.web.ServletTestExecutionListener@3a00237d, org.springframework.test.context.support.DirtiesContextBeforeModesTestExecutionListener@bc88295, org.springframework.test.context.event.ApplicationEventsTestExecutionListener@341df373, org.springframework.boot.test.mock.mockito.MockitoTestExecutionListener@7e9ed4df, org.springframework.boot.test.autoconfigure.SpringBootDependencyInjectionTestExecutionListener@453e1bba, org.springframework.test.context.support.DirtiesContextTestExecutionListener@aade5a2, org.springframework.test.context.transaction.TransactionalTestExecutionListener@51f009ef, org.springframework.test.context.jdbc.SqlScriptsTestExecutionListener@59c00722, org.springframework.test.context.event.EventPublishingTestExecutionListener@6c96346b, org.springframework.boot.test.autoconfigure.restdocs.RestDocsTestExecutionListener@9734cae, org.springframework.boot.test.autoconfigure.web.client.MockRestServiceServerResetTestExecutionListener@589d831e, org.springframework.boot.test.autoconfigure.web.servlet.MockMvcPrintOnlyOnFailureTestExecutionListener@1bd6638, org.springframework.boot.test.autoconfigure.web.servlet.WebDriverTestExecutionListener@5c552f08, org.springframework.boot.test.autoconfigure.webservices.client.MockWebServiceServerTestExecutionListener@4fd00e10, org.springframework.boot.test.mock.mockito.ResetMocksTestExecutionListener@7be1e187]

  .   ____          _            __ _ _
 /\\ / ___'_ __ _ _(_)_ __  __ _ \ \ \ \
( ( )\___ | '_ | '_| | '_ \/ _` | \ \ \ \
 \\/  ___)| |_)| | | | | || (_| |  ) ) ) )
  '  |____| .__|_| |_|_| |_\__, | / / / /
 =========|_|==============|___/=/_/_/_/
 :: Spring Boot ::                (v2.7.5)

2024-03-25 12:06:58.628  INFO 2680 --- [    Test worker] c.t.p.s.impl.FuncionarioServiceTest      : Starting FuncionarioServiceTest using Java 11.0.20 on DESKTOP-1DA81OH with PID 2680 (started by Tibaes in C:\Users\Tibaes\projects-kotlin\API-SPRINGBOOT-KOTLIN\project\GITHUB\ponto)
2024-03-25 12:06:58.629  INFO 2680 --- [    Test worker] c.t.p.s.impl.FuncionarioServiceTest      : The following 1 profile is active: "test"
2024-03-25 12:06:59.125  INFO 2680 --- [    Test worker] .s.d.r.c.RepositoryConfigurationDelegate : Bootstrapping Spring Data MongoDB repositories in DEFAULT mode.
2024-03-25 12:06:59.182  INFO 2680 --- [    Test worker] .s.d.r.c.RepositoryConfigurationDelegate : Finished Spring Data repository scanning in 55 ms. Found 3 MongoDB repository interfaces.
2024-03-25 12:06:59.613  INFO 2680 --- [    Test worker] org.mongodb.driver.client                : MongoClient with metadata {"driver": {"name": "mongo-java-driver|sync|spring-boot", "version": "4.6.1"}, "os": {"type": "Windows", "name": "Windows 10", "architecture": "amd64", "version": "10.0"}, "platform": "Java/Oracle Corporation/11.0.20+9-LTS-256"} created with settings MongoClientSettings{readPreference=primary, writeConcern=WriteConcern{w=null, wTimeout=null ms, journal=null}, retryWrites=true, retryReads=true, readConcern=ReadConcern{level=null}, credential=null, streamFactoryFactory=null, commandListeners=[], codecRegistry=ProvidersCodecRegistry{codecProviders=[ValueCodecProvider{}, BsonValueCodecProvider{}, DBRefCodecProvider{}, DBObjectCodecProvider{}, DocumentCodecProvider{}, IterableCodecProvider{}, MapCodecProvider{}, GeoJsonCodecProvider{}, GridFSFileCodecProvider{}, Jsr310CodecProvider{}, JsonObjectCodecProvider{}, BsonCodecProvider{}, EnumCodecProvider{}, com.mongodb.Jep395RecordCodecProvider@5d05f453]}, clusterSettings={hosts=[localhost:27017], srvServiceName=mongodb, mode=SINGLE, requiredClusterType=UNKNOWN, requiredReplicaSetName='null', serverSelector='null', clusterListeners='[]', serverSelectionTimeout='30000 ms', localThreshold='30000 ms'}, socketSettings=SocketSettings{connectTimeoutMS=10000, readTimeoutMS=0, receiveBufferSize=0, sendBufferSize=0}, heartbeatSocketSettings=SocketSettings{connectTimeoutMS=10000, readTimeoutMS=10000, receiveBufferSize=0, sendBufferSize=0}, connectionPoolSettings=ConnectionPoolSettings{maxSize=100, minSize=0, maxWaitTimeMS=120000, maxConnectionLifeTimeMS=0, maxConnectionIdleTimeMS=0, maintenanceInitialDelayMS=0, maintenanceFrequencyMS=60000, connectionPoolListeners=[], maxConnecting=2}, serverSettings=ServerSettings{heartbeatFrequencyMS=10000, minHeartbeatFrequencyMS=500, serverListeners='[]', serverMonitorListeners='[]'}, sslSettings=SslSettings{enabled=false, invalidHostNameAllowed=false, context=null}, applicationName='null', compressorList=[], uuidRepresentation=JAVA_LEGACY, serverApi=null, autoEncryptionSettings=null, contextProvider=null}
2024-03-25 12:06:59.638  INFO 2680 --- [localhost:27017] org.mongodb.driver.connection            : Opened connection [connectionId{localValue:5, serverValue:66}] to localhost:27017
2024-03-25 12:06:59.639  INFO 2680 --- [localhost:27017] org.mongodb.driver.cluster               : Monitor thread successfully connected to server with description ServerDescription{address=localhost:27017, type=STANDALONE, state=CONNECTED, ok=true, minWireVersion=0, maxWireVersion=17, maxDocumentSize=16777216, logicalSessionTimeoutMinutes=30, roundTripTimeNanos=16569500}
2024-03-25 12:06:59.640  INFO 2680 --- [localhost:27017] org.mongodb.driver.connection            : Opened connection [connectionId{localValue:6, serverValue:65}] to localhost:27017
2024-03-25 12:07:01.104  WARN 2680 --- [    Test worker] .s.s.UserDetailsServiceAutoConfiguration : 

Using generated security password: 2b584fdf-a139-4b69-8ecb-8b9626f2fca1

This generated password is for development use only. Your security configuration must be updated before running your application in production.

2024-03-25 12:07:01.392  INFO 2680 --- [    Test worker] o.s.s.web.DefaultSecurityFilterChain     : Will secure any request with [org.springframework.security.web.session.DisableEncodeUrlFilter@3833897c, org.springframework.security.web.context.request.async.WebAsyncManagerIntegrationFilter@519eab1e, org.springframework.security.web.context.SecurityContextPersistenceFilter@2559f65c, org.springframework.security.web.header.HeaderWriterFilter@2b85edc7, org.springframework.security.web.csrf.CsrfFilter@47393345, org.springframework.security.web.authentication.logout.LogoutFilter@5f1c406e, org.springframework.security.web.authentication.UsernamePasswordAuthenticationFilter@7d3a2459, org.springframework.security.web.authentication.ui.DefaultLoginPageGeneratingFilter@444ebefd, org.springframework.security.web.authentication.ui.DefaultLogoutPageGeneratingFilter@7d2a4598, org.springframework.security.web.authentication.www.BasicAuthenticationFilter@7d5cbcc9, org.springframework.security.web.savedrequest.RequestCacheAwareFilter@490704a5, org.springframework.security.web.servletapi.SecurityContextHolderAwareRequestFilter@4d682397, org.springframework.security.web.authentication.AnonymousAuthenticationFilter@65880400, org.springframework.security.web.session.SessionManagementFilter@2bf45b7c, org.springframework.security.web.access.ExceptionTranslationFilter@5b16e486, org.springframework.security.web.access.intercept.FilterSecurityInterceptor@b0c4905]
2024-03-25 12:07:01.547  INFO 2680 --- [    Test worker] c.t.p.s.impl.FuncionarioServiceTest      : Started FuncionarioServiceTest in 2.979 seconds (JVM running for 19.026)
]]></system-out>
  <system-err><![CDATA[]]></system-err>
</testsuite>
